{
  "numTotalTestSuites": 242,
  "numPassedTestSuites": 236,
  "numFailedTestSuites": 6,
  "numPendingTestSuites": 0,
  "numTotalTests": 464,
  "numPassedTests": 437,
  "numFailedTests": 5,
  "numPendingTests": 22,
  "numTodoTests": 0,
  "snapshot": {
    "added": 0,
    "failure": false,
    "filesAdded": 0,
    "filesRemoved": 0,
    "filesRemovedList": [],
    "filesUnmatched": 0,
    "filesUpdated": 0,
    "matched": 0,
    "total": 0,
    "unchecked": 0,
    "uncheckedKeysByFile": [],
    "unmatched": 0,
    "updated": 0,
    "didUpdate": false
  },
  "startTime": 1768958682600,
  "success": false,
  "testResults": [
    {
      "assertionResults": [
        {
          "ancestorTitles": ["Authorization Logic (Unit Specs)", "assertServiceOwnership"],
          "fullName": "Authorization Logic (Unit Specs) assertServiceOwnership should throw AuthorizationError if service not found",
          "status": "passed",
          "title": "should throw AuthorizationError if service not found",
          "duration": 5.150157999999919,
          "failureMessages": [],
          "meta": {}
        },
        {
          "ancestorTitles": ["Authorization Logic (Unit Specs)", "assertServiceOwnership"],
          "fullName": "Authorization Logic (Unit Specs) assertServiceOwnership should throw AuthorizationError if user is not a member of the owning org",
          "status": "passed",
          "title": "should throw AuthorizationError if user is not a member of the owning org",
          "duration": 2.4083559999999125,
          "failureMessages": [],
          "meta": {}
        },
        {
          "ancestorTitles": ["Authorization Logic (Unit Specs)", "assertServiceOwnership"],
          "fullName": "Authorization Logic (Unit Specs) assertServiceOwnership should succeed if user is an admin of the owning org",
          "status": "passed",
          "title": "should succeed if user is an admin of the owning org",
          "duration": 4.990518999999949,
          "failureMessages": [],
          "meta": {}
        },
        {
          "ancestorTitles": ["Authorization Logic (Unit Specs)", "assertOrganizationMembership"],
          "fullName": "Authorization Logic (Unit Specs) assertOrganizationMembership should succeed if user has required role",
          "status": "passed",
          "title": "should succeed if user has required role",
          "duration": 1.0559319999999843,
          "failureMessages": [],
          "meta": {}
        },
        {
          "ancestorTitles": ["Authorization Logic (Unit Specs)", "assertOrganizationMembership"],
          "fullName": "Authorization Logic (Unit Specs) assertOrganizationMembership should throw if user has insufficient role (viewer < editor)",
          "status": "passed",
          "title": "should throw if user has insufficient role (viewer < editor)",
          "duration": 1.1595679999998083,
          "failureMessages": [],
          "meta": {}
        }
      ],
      "startTime": 1768958707146,
      "endTime": 1768958707162.1597,
      "status": "passed",
      "message": "",
      "name": "/home/jer/LocalSync/kingston-care-connect/tests/api/authorization.test.ts"
    },
    {
      "assertionResults": [
        {
          "ancestorTitles": ["Feedback API Route"],
          "fullName": "Feedback API Route returns 400 for invalid input",
          "status": "passed",
          "title": "returns 400 for invalid input",
          "duration": 23.726382000000285,
          "failureMessages": [],
          "meta": {}
        },
        {
          "ancestorTitles": ["Feedback API Route"],
          "fullName": "Feedback API Route successfully inserts feedback",
          "status": "passed",
          "title": "successfully inserts feedback",
          "duration": 9.827180999999655,
          "failureMessages": [],
          "meta": {}
        },
        {
          "ancestorTitles": ["Feedback API Route"],
          "fullName": "Feedback API Route returns 500 on database error",
          "status": "passed",
          "title": "returns 500 on database error",
          "duration": 6.6089640000000145,
          "failureMessages": [],
          "meta": {}
        }
      ],
      "startTime": 1768958704860,
      "endTime": 1768958704900.609,
      "status": "passed",
      "message": "",
      "name": "/home/jer/LocalSync/kingston-care-connect/tests/api/feedback.test.ts"
    },
    {
      "assertionResults": [
        {
          "ancestorTitles": ["RLS Policies (Integration)", "services table"],
          "fullName": "RLS Policies (Integration) services table allows public read of verified services (L1+)",
          "status": "skipped",
          "title": "allows public read of verified services (L1+)",
          "failureMessages": [],
          "meta": {}
        },
        {
          "ancestorTitles": ["RLS Policies (Integration)", "services table"],
          "fullName": "RLS Policies (Integration) services table blocks read of unverified services (L0)",
          "status": "skipped",
          "title": "blocks read of unverified services (L0)",
          "failureMessages": [],
          "meta": {}
        },
        {
          "ancestorTitles": ["RLS Policies (Integration)", "services table"],
          "fullName": "RLS Policies (Integration) services table blocks read of soft-deleted services",
          "status": "skipped",
          "title": "blocks read of soft-deleted services",
          "failureMessages": [],
          "meta": {}
        },
        {
          "ancestorTitles": ["RLS Policies (Integration)", "services table"],
          "fullName": "RLS Policies (Integration) services table blocks unauthorized insert",
          "status": "skipped",
          "title": "blocks unauthorized insert",
          "failureMessages": [],
          "meta": {}
        },
        {
          "ancestorTitles": ["RLS Policies (Integration)", "organization_members table"],
          "fullName": "RLS Policies (Integration) organization_members table allows users to see own memberships",
          "status": "skipped",
          "title": "allows users to see own memberships",
          "failureMessages": [],
          "meta": {}
        },
        {
          "ancestorTitles": ["RLS Policies (Logic Patterns)"],
          "fullName": "RLS Policies (Logic Patterns) identifies RLS violation messages correctly",
          "status": "passed",
          "title": "identifies RLS violation messages correctly",
          "duration": 1.4208930000002056,
          "failureMessages": [],
          "meta": {}
        }
      ],
      "startTime": 1768958712730,
      "endTime": 1768958712731.421,
      "status": "passed",
      "message": "",
      "name": "/home/jer/LocalSync/kingston-care-connect/tests/api/rls-policies.test.ts"
    },
    {
      "assertionResults": [
        {
          "ancestorTitles": ["useAI Hook"],
          "fullName": "useAI Hook subscribes to engine state on mount",
          "status": "passed",
          "title": "subscribes to engine state on mount",
          "duration": 41.73299399999996,
          "failureMessages": [],
          "meta": {}
        },
        {
          "ancestorTitles": ["useAI Hook"],
          "fullName": "useAI Hook initializes AI",
          "status": "passed",
          "title": "initializes AI",
          "duration": 5.978332000000137,
          "failureMessages": [],
          "meta": {}
        },
        {
          "ancestorTitles": ["useAI Hook"],
          "fullName": "useAI Hook sends chat message",
          "status": "passed",
          "title": "sends chat message",
          "duration": 10.160059999999703,
          "failureMessages": [],
          "meta": {}
        }
      ],
      "startTime": 1768958698224,
      "endTime": 1768958698282.1602,
      "status": "passed",
      "message": "",
      "name": "/home/jer/LocalSync/kingston-care-connect/tests/hooks/useAI.test.ts"
    },
    {
      "assertionResults": [
        {
          "ancestorTitles": ["useGeolocation Hook"],
          "fullName": "useGeolocation Hook initializes with default state",
          "status": "passed",
          "title": "initializes with default state",
          "duration": 40.03886800000009,
          "failureMessages": [],
          "meta": {}
        },
        {
          "ancestorTitles": ["useGeolocation Hook"],
          "fullName": "useGeolocation Hook updates state when location is requested successfully",
          "status": "passed",
          "title": "updates state when location is requested successfully",
          "duration": 7.045672000000195,
          "failureMessages": [],
          "meta": {}
        },
        {
          "ancestorTitles": ["useGeolocation Hook"],
          "fullName": "useGeolocation Hook handles permission denied error",
          "status": "passed",
          "title": "handles permission denied error",
          "duration": 6.026802999999745,
          "failureMessages": [],
          "meta": {}
        },
        {
          "ancestorTitles": ["useGeolocation Hook"],
          "fullName": "useGeolocation Hook clears location state",
          "status": "passed",
          "title": "clears location state",
          "duration": 4.180418999999802,
          "failureMessages": [],
          "meta": {}
        },
        {
          "ancestorTitles": ["useGeolocation Hook"],
          "fullName": "useGeolocation Hook handles unsupported browser",
          "status": "passed",
          "title": "handles unsupported browser",
          "duration": 3.2278369999999086,
          "failureMessages": [],
          "meta": {}
        }
      ],
      "startTime": 1768958691827,
      "endTime": 1768958691887.2278,
      "status": "passed",
      "message": "",
      "name": "/home/jer/LocalSync/kingston-care-connect/tests/hooks/useGeolocation.test.ts"
    },
    {
      "assertionResults": [
        {
          "ancestorTitles": ["useHighContrast"],
          "fullName": "useHighContrast should initialize with false if nothing in localStorage",
          "status": "passed",
          "title": "should initialize with false if nothing in localStorage",
          "duration": 37.328606000000036,
          "failureMessages": [],
          "meta": {}
        },
        {
          "ancestorTitles": ["useHighContrast"],
          "fullName": "useHighContrast should initialize with true if localStorage has true",
          "status": "passed",
          "title": "should initialize with true if localStorage has true",
          "duration": 22.202530000000024,
          "failureMessages": [],
          "meta": {}
        },
        {
          "ancestorTitles": ["useHighContrast"],
          "fullName": "useHighContrast should toggle high contrast mode",
          "status": "passed",
          "title": "should toggle high contrast mode",
          "duration": 9.52830300000005,
          "failureMessages": [],
          "meta": {}
        }
      ],
      "startTime": 1768958699316,
      "endTime": 1768958699385.5283,
      "status": "passed",
      "message": "",
      "name": "/home/jer/LocalSync/kingston-care-connect/tests/hooks/useHighContrast.test.ts"
    },
    {
      "assertionResults": [
        {
          "ancestorTitles": ["useLocalStorage Hook"],
          "fullName": "useLocalStorage Hook should return the initial value when no value is in localStorage",
          "status": "passed",
          "title": "should return the initial value when no value is in localStorage",
          "duration": 38.12354400000004,
          "failureMessages": [],
          "meta": {}
        },
        {
          "ancestorTitles": ["useLocalStorage Hook"],
          "fullName": "useLocalStorage Hook should return the value from localStorage if it exists",
          "status": "passed",
          "title": "should return the value from localStorage if it exists",
          "duration": 5.472699999999804,
          "failureMessages": [],
          "meta": {}
        },
        {
          "ancestorTitles": ["useLocalStorage Hook"],
          "fullName": "useLocalStorage Hook should update localStorage when the state changes",
          "status": "passed",
          "title": "should update localStorage when the state changes",
          "duration": 6.498696999999993,
          "failureMessages": [],
          "meta": {}
        },
        {
          "ancestorTitles": ["useLocalStorage Hook"],
          "fullName": "useLocalStorage Hook should clear localStorage when calling remove",
          "status": "passed",
          "title": "should clear localStorage when calling remove",
          "duration": 8.059791000000132,
          "failureMessages": [],
          "meta": {}
        },
        {
          "ancestorTitles": ["useLocalStorage Hook"],
          "fullName": "useLocalStorage Hook should handle complex objects",
          "status": "passed",
          "title": "should handle complex objects",
          "duration": 9.901311000000078,
          "failureMessages": [],
          "meta": {}
        }
      ],
      "startTime": 1768958694733,
      "endTime": 1768958694801.9014,
      "status": "passed",
      "message": "",
      "name": "/home/jer/LocalSync/kingston-care-connect/tests/hooks/useLocalStorage.test.ts"
    },
    {
      "assertionResults": [
        {
          "ancestorTitles": ["useNetworkStatus Hook"],
          "fullName": "useNetworkStatus Hook returns initial web status correctly",
          "status": "passed",
          "title": "returns initial web status correctly",
          "duration": 72.54032099999995,
          "failureMessages": [],
          "meta": {}
        },
        {
          "ancestorTitles": ["useNetworkStatus Hook"],
          "fullName": "useNetworkStatus Hook updates when web status changes to offline",
          "status": "passed",
          "title": "updates when web status changes to offline",
          "duration": 14.037300999999843,
          "failureMessages": [],
          "meta": {}
        },
        {
          "ancestorTitles": ["useNetworkStatus Hook"],
          "fullName": "useNetworkStatus Hook updates when web status changes to online",
          "status": "passed",
          "title": "updates when web status changes to online",
          "duration": 23.038338000000294,
          "failureMessages": [],
          "meta": {}
        },
        {
          "ancestorTitles": ["useNetworkStatus Hook"],
          "fullName": "useNetworkStatus Hook handles native platform status",
          "status": "passed",
          "title": "handles native platform status",
          "duration": 11.839457000000039,
          "failureMessages": [],
          "meta": {}
        }
      ],
      "startTime": 1768958697913,
      "endTime": 1768958698034.8394,
      "status": "passed",
      "message": "",
      "name": "/home/jer/LocalSync/kingston-care-connect/tests/hooks/useNetworkStatus.test.ts"
    },
    {
      "assertionResults": [
        {
          "ancestorTitles": ["usePushNotifications Hook"],
          "fullName": "usePushNotifications Hook initializes OneSignal on mount",
          "status": "passed",
          "title": "initializes OneSignal on mount",
          "duration": 47.20208700000012,
          "failureMessages": [],
          "meta": {}
        },
        {
          "ancestorTitles": ["usePushNotifications Hook"],
          "fullName": "usePushNotifications Hook checks support correctly",
          "status": "passed",
          "title": "checks support correctly",
          "duration": 7.2672630000001845,
          "failureMessages": [],
          "meta": {}
        },
        {
          "ancestorTitles": ["usePushNotifications Hook"],
          "fullName": "usePushNotifications Hook handles unsupported browsers",
          "status": "passed",
          "title": "handles unsupported browsers",
          "duration": 9.815595999999914,
          "failureMessages": [],
          "meta": {}
        },
        {
          "ancestorTitles": ["usePushNotifications Hook"],
          "fullName": "usePushNotifications Hook subscribes using OneSignal",
          "status": "passed",
          "title": "subscribes using OneSignal",
          "duration": 7.076551000000109,
          "failureMessages": [],
          "meta": {}
        },
        {
          "ancestorTitles": ["usePushNotifications Hook"],
          "fullName": "usePushNotifications Hook unsubscribes using OneSignal",
          "status": "passed",
          "title": "unsubscribes using OneSignal",
          "duration": 9.318521000000146,
          "failureMessages": [],
          "meta": {}
        }
      ],
      "startTime": 1768958694822,
      "endTime": 1768958694902.3186,
      "status": "passed",
      "message": "",
      "name": "/home/jer/LocalSync/kingston-care-connect/tests/hooks/usePushNotifications.test.ts"
    },
    {
      "assertionResults": [
        {
          "ancestorTitles": ["useSearch Hook"],
          "fullName": "useSearch Hook initializes with default state",
          "status": "passed",
          "title": "initializes with default state",
          "duration": 37.8031560000004,
          "failureMessages": [],
          "meta": {}
        },
        {
          "ancestorTitles": ["useSearch Hook"],
          "fullName": "useSearch Hook updates query state",
          "status": "passed",
          "title": "updates query state",
          "duration": 7.800938999999744,
          "failureMessages": [],
          "meta": {}
        },
        {
          "ancestorTitles": ["useSearch Hook"],
          "fullName": "useSearch Hook manages category state",
          "status": "passed",
          "title": "manages category state",
          "duration": 6.608367000000271,
          "failureMessages": [],
          "meta": {}
        },
        {
          "ancestorTitles": ["useSearch Hook"],
          "fullName": "useSearch Hook handles toggling location",
          "status": "passed",
          "title": "handles toggling location",
          "duration": 14.071424999999635,
          "failureMessages": [],
          "meta": {}
        },
        {
          "ancestorTitles": ["useSearch Hook"],
          "fullName": "useSearch Hook saves search terms",
          "status": "passed",
          "title": "saves search terms",
          "duration": 9.308023999999932,
          "failureMessages": [],
          "meta": {}
        },
        {
          "ancestorTitles": ["useSearch Hook"],
          "fullName": "useSearch Hook removes saved search terms",
          "status": "passed",
          "title": "removes saved search terms",
          "duration": 4.390096999999969,
          "failureMessages": [],
          "meta": {}
        }
      ],
      "startTime": 1768958695868,
      "endTime": 1768958695948.3901,
      "status": "passed",
      "message": "",
      "name": "/home/jer/LocalSync/kingston-care-connect/tests/hooks/useSearch.test.ts"
    },
    {
      "assertionResults": [
        {
          "ancestorTitles": ["useSemanticSearch Hook"],
          "fullName": "useSemanticSearch Hook initializes worker and handles progress updates",
          "status": "passed",
          "title": "initializes worker and handles progress updates",
          "duration": 52.86267399999997,
          "failureMessages": [],
          "meta": {}
        },
        {
          "ancestorTitles": ["useSemanticSearch Hook"],
          "fullName": "useSemanticSearch Hook handles worker initialization error",
          "status": "passed",
          "title": "handles worker initialization error",
          "duration": 14.67569100000037,
          "failureMessages": [],
          "meta": {}
        },
        {
          "ancestorTitles": ["useSemanticSearch Hook"],
          "fullName": "useSemanticSearch Hook generates embedding successfully",
          "status": "passed",
          "title": "generates embedding successfully",
          "duration": 16.207234999999855,
          "failureMessages": [],
          "meta": {}
        }
      ],
      "startTime": 1768958695558,
      "endTime": 1768958695642.2073,
      "status": "passed",
      "message": "",
      "name": "/home/jer/LocalSync/kingston-care-connect/tests/hooks/useSemanticSearch.test.ts"
    },
    {
      "assertionResults": [
        {
          "ancestorTitles": ["useServiceFeedback"],
          "fullName": "useServiceFeedback initializes with loading state",
          "status": "passed",
          "title": "initializes with loading state",
          "duration": 45.425742000000355,
          "failureMessages": [],
          "meta": {}
        },
        {
          "ancestorTitles": ["useServiceFeedback"],
          "fullName": "useServiceFeedback fetches stats successfully",
          "status": "passed",
          "title": "fetches stats successfully",
          "duration": 65.94396400000005,
          "failureMessages": [],
          "meta": {}
        },
        {
          "ancestorTitles": ["useServiceFeedback"],
          "fullName": "useServiceFeedback handles missing stats (PGRST116) by returning zeros",
          "status": "passed",
          "title": "handles missing stats (PGRST116) by returning zeros",
          "duration": 94.51950500000021,
          "failureMessages": [],
          "meta": {}
        },
        {
          "ancestorTitles": ["useServiceFeedback"],
          "fullName": "useServiceFeedback handles errors",
          "status": "passed",
          "title": "handles errors",
          "duration": 65.38399799999979,
          "failureMessages": [],
          "meta": {}
        }
      ],
      "startTime": 1768958692148,
      "endTime": 1768958692419.384,
      "status": "passed",
      "message": "",
      "name": "/home/jer/LocalSync/kingston-care-connect/tests/hooks/useServiceFeedback.test.ts"
    },
    {
      "assertionResults": [
        {
          "ancestorTitles": ["useServices Hook"],
          "fullName": "useServices Hook does nothing with empty query",
          "status": "passed",
          "title": "does nothing with empty query",
          "duration": 149.35071100000005,
          "failureMessages": [],
          "meta": {}
        },
        {
          "ancestorTitles": ["useServices Hook"],
          "fullName": "useServices Hook performs search with query",
          "status": "passed",
          "title": "performs search with query",
          "duration": 33.10253899999998,
          "failureMessages": [],
          "meta": {}
        },
        {
          "ancestorTitles": ["useServices Hook"],
          "fullName": "useServices Hook calls analytics endpoint",
          "status": "passed",
          "title": "calls analytics endpoint",
          "duration": 31.09646900000007,
          "failureMessages": [],
          "meta": {}
        },
        {
          "ancestorTitles": ["useServices Hook"],
          "fullName": "useServices Hook checks for suggestions",
          "status": "passed",
          "title": "checks for suggestions",
          "duration": 22.11937399999988,
          "failureMessages": [],
          "meta": {}
        },
        {
          "ancestorTitles": ["useServices Hook"],
          "fullName": "useServices Hook performs vector search when ready and embedding available",
          "status": "passed",
          "title": "performs vector search when ready and embedding available",
          "duration": 38.4569919999999,
          "failureMessages": [],
          "meta": {}
        }
      ],
      "startTime": 1768958695025,
      "endTime": 1768958695299.457,
      "status": "passed",
      "message": "",
      "name": "/home/jer/LocalSync/kingston-care-connect/tests/hooks/useServices.test.ts"
    },
    {
      "assertionResults": [
        {
          "ancestorTitles": ["useShare Hook"],
          "fullName": "useShare Hook identifies support correctly on web",
          "status": "passed",
          "title": "identifies support correctly on web",
          "duration": 90.46546699999999,
          "failureMessages": [],
          "meta": {}
        },
        {
          "ancestorTitles": ["useShare Hook"],
          "fullName": "useShare Hook calls Share.share when supported",
          "status": "passed",
          "title": "calls Share.share when supported",
          "duration": 20.293734999999742,
          "failureMessages": [],
          "meta": {}
        },
        {
          "ancestorTitles": ["useShare Hook"],
          "fullName": "useShare Hook falls back to clipboard when not supported",
          "status": "passed",
          "title": "falls back to clipboard when not supported",
          "duration": 13.815157999999883,
          "failureMessages": [],
          "meta": {}
        }
      ],
      "startTime": 1768958691728,
      "endTime": 1768958691852.8152,
      "status": "passed",
      "message": "",
      "name": "/home/jer/LocalSync/kingston-care-connect/tests/hooks/useShare.test.ts"
    },
    {
      "assertionResults": [
        {
          "ancestorTitles": ["useUserContext Hook"],
          "fullName": "useUserContext Hook initializes default context",
          "status": "passed",
          "title": "initializes default context",
          "duration": 37.30854399999998,
          "failureMessages": [],
          "meta": {}
        },
        {
          "ancestorTitles": ["useUserContext Hook"],
          "fullName": "useUserContext Hook updates age group",
          "status": "passed",
          "title": "updates age group",
          "duration": 6.771326999999928,
          "failureMessages": [],
          "meta": {}
        },
        {
          "ancestorTitles": ["useUserContext Hook"],
          "fullName": "useUserContext Hook toggles identity",
          "status": "passed",
          "title": "toggles identity",
          "duration": 3.7956600000002254,
          "failureMessages": [],
          "meta": {}
        },
        {
          "ancestorTitles": ["useUserContext Hook"],
          "fullName": "useUserContext Hook handles opt-in and opt-out",
          "status": "passed",
          "title": "handles opt-in and opt-out",
          "duration": 4.339132000000063,
          "failureMessages": [],
          "meta": {}
        }
      ],
      "startTime": 1768958700569,
      "endTime": 1768958700621.339,
      "status": "passed",
      "message": "",
      "name": "/home/jer/LocalSync/kingston-care-connect/tests/hooks/useUserContext.test.ts"
    },
    {
      "assertionResults": [
        {
          "ancestorTitles": ["useVoiceInput"],
          "fullName": "useVoiceInput initializes with correct default state",
          "status": "passed",
          "title": "initializes with correct default state",
          "duration": 55.19739299999992,
          "failureMessages": [],
          "meta": {}
        },
        {
          "ancestorTitles": ["useVoiceInput"],
          "fullName": "useVoiceInput detects browser support correctly",
          "status": "passed",
          "title": "detects browser support correctly",
          "duration": 11.469192999999905,
          "failureMessages": [],
          "meta": {}
        },
        {
          "ancestorTitles": ["useVoiceInput"],
          "fullName": "useVoiceInput handles missing MediaRecorder gracefully",
          "status": "passed",
          "title": "handles missing MediaRecorder gracefully",
          "duration": 8.644845000000032,
          "failureMessages": [],
          "meta": {}
        }
      ],
      "startTime": 1768958697386,
      "endTime": 1768958697461.6448,
      "status": "passed",
      "message": "",
      "name": "/home/jer/LocalSync/kingston-care-connect/tests/hooks/useVoiceInput.test.ts"
    },
    {
      "assertionResults": [
        {
          "ancestorTitles": ["API Utils"],
          "fullName": "API Utils should create success response",
          "status": "passed",
          "title": "should create success response",
          "duration": 32.84517499999993,
          "failureMessages": [],
          "meta": {}
        },
        {
          "ancestorTitles": ["API Utils"],
          "fullName": "API Utils should create error response",
          "status": "passed",
          "title": "should create error response",
          "duration": 2.0113210000004074,
          "failureMessages": [],
          "meta": {}
        }
      ],
      "startTime": 1768958703139,
      "endTime": 1768958703174.0112,
      "status": "passed",
      "message": "",
      "name": "/home/jer/LocalSync/kingston-care-connect/tests/integration/api-utils.test.ts"
    },
    {
      "assertionResults": [
        {
          "ancestorTitles": ["RLS Policies", "services_public View"],
          "fullName": "RLS Policies services_public View allows anonymous users to read published services",
          "status": "skipped",
          "title": "allows anonymous users to read published services",
          "failureMessages": [],
          "meta": {}
        },
        {
          "ancestorTitles": ["RLS Policies", "services_public View"],
          "fullName": "RLS Policies services_public View does not expose draft or archived services",
          "status": "skipped",
          "title": "does not expose draft or archived services",
          "failureMessages": [],
          "meta": {}
        },
        {
          "ancestorTitles": ["RLS Policies", "analytics_events Table"],
          "fullName": "RLS Policies analytics_events Table allows valid analytics events with published service_id",
          "status": "skipped",
          "title": "allows valid analytics events with published service_id",
          "failureMessages": [],
          "meta": {}
        },
        {
          "ancestorTitles": ["RLS Policies", "analytics_events Table"],
          "fullName": "RLS Policies analytics_events Table rejects analytics events with invalid service_id",
          "status": "skipped",
          "title": "rejects analytics events with invalid service_id",
          "failureMessages": [],
          "meta": {}
        },
        {
          "ancestorTitles": ["RLS Policies", "analytics_events Table"],
          "fullName": "RLS Policies analytics_events Table rejects analytics events with null service_id",
          "status": "skipped",
          "title": "rejects analytics events with null service_id",
          "failureMessages": [],
          "meta": {}
        },
        {
          "ancestorTitles": ["RLS Policies", "feedback Table"],
          "fullName": "RLS Policies feedback Table allows feedback submission with valid feedback_type",
          "status": "skipped",
          "title": "allows feedback submission with valid feedback_type",
          "failureMessages": [],
          "meta": {}
        },
        {
          "ancestorTitles": ["RLS Policies", "feedback Table"],
          "fullName": "RLS Policies feedback Table rejects feedback with empty feedback_type",
          "status": "skipped",
          "title": "rejects feedback with empty feedback_type",
          "failureMessages": [],
          "meta": {}
        },
        {
          "ancestorTitles": ["RLS Policies", "service_submissions Table"],
          "fullName": "RLS Policies service_submissions Table allows submissions with valid name and description",
          "status": "skipped",
          "title": "allows submissions with valid name and description",
          "failureMessages": [],
          "meta": {}
        },
        {
          "ancestorTitles": ["RLS Policies", "service_submissions Table"],
          "fullName": "RLS Policies service_submissions Table rejects submissions with empty name",
          "status": "skipped",
          "title": "rejects submissions with empty name",
          "failureMessages": [],
          "meta": {}
        },
        {
          "ancestorTitles": ["RLS Policies", "service_submissions Table"],
          "fullName": "RLS Policies service_submissions Table rejects submissions with empty description",
          "status": "skipped",
          "title": "rejects submissions with empty description",
          "failureMessages": [],
          "meta": {}
        },
        {
          "ancestorTitles": ["RLS Policies", "plain_language_summaries Table"],
          "fullName": "RLS Policies plain_language_summaries Table allows anonymous users to read summaries",
          "status": "skipped",
          "title": "allows anonymous users to read summaries",
          "failureMessages": [],
          "meta": {}
        },
        {
          "ancestorTitles": ["RLS Policies", "plain_language_summaries Table"],
          "fullName": "RLS Policies plain_language_summaries Table rejects anonymous write operations",
          "status": "skipped",
          "title": "rejects anonymous write operations",
          "failureMessages": [],
          "meta": {}
        },
        {
          "ancestorTitles": ["RLS Policies", "partner_terms_acceptance Table"],
          "fullName": "RLS Policies partner_terms_acceptance Table allows terms acceptance with valid service_id and email",
          "status": "skipped",
          "title": "allows terms acceptance with valid service_id and email",
          "failureMessages": [],
          "meta": {}
        },
        {
          "ancestorTitles": ["RLS Policies", "partner_terms_acceptance Table"],
          "fullName": "RLS Policies partner_terms_acceptance Table rejects terms acceptance with invalid service_id",
          "status": "skipped",
          "title": "rejects terms acceptance with invalid service_id",
          "failureMessages": [],
          "meta": {}
        },
        {
          "ancestorTitles": ["RLS Policies", "partner_terms_acceptance Table"],
          "fullName": "RLS Policies partner_terms_acceptance Table rejects terms acceptance with empty email",
          "status": "skipped",
          "title": "rejects terms acceptance with empty email",
          "failureMessages": [],
          "meta": {}
        },
        {
          "ancestorTitles": ["RLS Policies", "Materialized Views (Public Transparency)"],
          "fullName": "RLS Policies Materialized Views (Public Transparency) allows anonymous access to feedback_aggregations",
          "status": "skipped",
          "title": "allows anonymous access to feedback_aggregations",
          "failureMessages": [],
          "meta": {}
        },
        {
          "ancestorTitles": ["RLS Policies", "Materialized Views (Public Transparency)"],
          "fullName": "RLS Policies Materialized Views (Public Transparency) allows anonymous access to unmet_needs_summary",
          "status": "skipped",
          "title": "allows anonymous access to unmet_needs_summary",
          "failureMessages": [],
          "meta": {}
        },
        {
          "ancestorTitles": ["RLS Performance Optimizations"],
          "fullName": "RLS Performance Optimizations validates auth function wrapping in policies",
          "status": "passed",
          "title": "validates auth function wrapping in policies",
          "duration": 4.139118000000053,
          "failureMessages": [],
          "meta": {}
        }
      ],
      "startTime": 1768958712683,
      "endTime": 1768958712687.1392,
      "status": "passed",
      "message": "",
      "name": "/home/jer/LocalSync/kingston-care-connect/tests/integration/rls-policies.test.ts"
    },
    {
      "assertionResults": [
        {
          "ancestorTitles": ["Search Integration"],
          "fullName": "Search Integration should return Food Banks for \"hungry\"",
          "status": "passed",
          "title": "should return Food Banks for \"hungry\"",
          "duration": 5.491461000000072,
          "failureMessages": [],
          "meta": {}
        },
        {
          "ancestorTitles": ["Search Integration"],
          "fullName": "Search Integration should return Crisis Lines for \"kill myself\"",
          "status": "passed",
          "title": "should return Crisis Lines for \"kill myself\"",
          "duration": 2.444486999999981,
          "failureMessages": [],
          "meta": {}
        },
        {
          "ancestorTitles": ["Search Integration"],
          "fullName": "Search Integration should return Housing options for \"sleep\"",
          "status": "passed",
          "title": "should return Housing options for \"sleep\"",
          "duration": 0.6822830000000977,
          "failureMessages": [],
          "meta": {}
        },
        {
          "ancestorTitles": ["Search Integration"],
          "fullName": "Search Integration should return Queen's specific services for \"queens\"",
          "status": "passed",
          "title": "should return Queen's specific services for \"queens\"",
          "duration": 0.4509649999999965,
          "failureMessages": [],
          "meta": {}
        },
        {
          "ancestorTitles": ["Search Integration"],
          "fullName": "Search Integration should return nothing for nonsense queries",
          "status": "passed",
          "title": "should return nothing for nonsense queries",
          "duration": 0.3836389999999028,
          "failureMessages": [],
          "meta": {}
        }
      ],
      "startTime": 1768958708876,
      "endTime": 1768958708886.3835,
      "status": "passed",
      "message": "",
      "name": "/home/jer/LocalSync/kingston-care-connect/tests/integration/search.test.ts"
    },
    {
      "assertionResults": [
        {
          "ancestorTitles": ["claimService"],
          "fullName": "claimService should successfully claim an unclaimed service",
          "status": "passed",
          "title": "should successfully claim an unclaimed service",
          "duration": 11.111872000000176,
          "failureMessages": [],
          "meta": {}
        },
        {
          "ancestorTitles": ["claimService"],
          "fullName": "claimService should return error if update fails",
          "status": "passed",
          "title": "should return error if update fails",
          "duration": 0.8621539999999186,
          "failureMessages": [],
          "meta": {}
        },
        {
          "ancestorTitles": ["claimService"],
          "fullName": "claimService should handle unexpected exceptions",
          "status": "passed",
          "title": "should handle unexpected exceptions",
          "duration": 0.49298399999997855,
          "failureMessages": [],
          "meta": {}
        }
      ],
      "startTime": 1768958710082,
      "endTime": 1768958710094.493,
      "status": "passed",
      "message": "",
      "name": "/home/jer/LocalSync/kingston-care-connect/tests/integration/services.test.ts"
    },
    {
      "assertionResults": [
        {
          "ancestorTitles": ["User Journey: Search and Filter"],
          "fullName": "User Journey: Search and Filter allows user to input search query and navigate",
          "status": "passed",
          "title": "allows user to input search query and navigate",
          "duration": 260.1799410000003,
          "failureMessages": [],
          "meta": {}
        },
        {
          "ancestorTitles": ["User Journey: Search and Filter"],
          "fullName": "User Journey: Search and Filter displays results matching the flow",
          "status": "passed",
          "title": "displays results matching the flow",
          "duration": 51.18028499999991,
          "failureMessages": [],
          "meta": {}
        },
        {
          "ancestorTitles": ["User Journey: Offline Sync"],
          "fullName": "User Journey: Offline Sync searches while offline and displays cached results",
          "status": "passed",
          "title": "searches while offline and displays cached results",
          "duration": 38.41526699999986,
          "failureMessages": [],
          "meta": {}
        },
        {
          "ancestorTitles": ["User Journey: Offline Sync"],
          "fullName": "User Journey: Offline Sync queues feedback while offline",
          "status": "passed",
          "title": "queues feedback while offline",
          "duration": 0.8346550000001116,
          "failureMessages": [],
          "meta": {}
        },
        {
          "ancestorTitles": ["User Journey: Partner Claim Flow"],
          "fullName": "User Journey: Partner Claim Flow views service as potential partner",
          "status": "passed",
          "title": "views service as potential partner",
          "duration": 21.98616699999957,
          "failureMessages": [],
          "meta": {}
        },
        {
          "ancestorTitles": ["User Journey: Partner Claim Flow"],
          "fullName": "User Journey: Partner Claim Flow navigates to claim process from service detail",
          "status": "passed",
          "title": "navigates to claim process from service detail",
          "duration": 0.5107000000002699,
          "failureMessages": [],
          "meta": {}
        },
        {
          "ancestorTitles": ["User Journey: Crisis Detection and Response"],
          "fullName": "User Journey: Crisis Detection and Response detects crisis keywords in search query",
          "status": "passed",
          "title": "detects crisis keywords in search query",
          "duration": 19.881714000000102,
          "failureMessages": [],
          "meta": {}
        },
        {
          "ancestorTitles": ["User Journey: Crisis Detection and Response"],
          "fullName": "User Journey: Crisis Detection and Response prioritizes crisis services in results",
          "status": "passed",
          "title": "prioritizes crisis services in results",
          "duration": 13.145457000000079,
          "failureMessages": [],
          "meta": {}
        },
        {
          "ancestorTitles": ["User Journey: Crisis Detection and Response"],
          "fullName": "User Journey: Crisis Detection and Response displays emergency resources prominently",
          "status": "passed",
          "title": "displays emergency resources prominently",
          "duration": 0.7817430000000058,
          "failureMessages": [],
          "meta": {}
        }
      ],
      "startTime": 1768958691278,
      "endTime": 1768958691692.7817,
      "status": "passed",
      "message": "",
      "name": "/home/jer/LocalSync/kingston-care-connect/tests/integration/user-journey.test.tsx"
    },
    {
      "assertionResults": [
        {
          "ancestorTitles": ["escapeIlike", "wildcard escaping"],
          "fullName": "escapeIlike wildcard escaping should escape percent signs",
          "status": "passed",
          "title": "should escape percent signs",
          "duration": 3.47267399999987,
          "failureMessages": [],
          "meta": {}
        },
        {
          "ancestorTitles": ["escapeIlike", "wildcard escaping"],
          "fullName": "escapeIlike wildcard escaping should escape underscores",
          "status": "passed",
          "title": "should escape underscores",
          "duration": 0.571425999999974,
          "failureMessages": [],
          "meta": {}
        },
        {
          "ancestorTitles": ["escapeIlike", "wildcard escaping"],
          "fullName": "escapeIlike wildcard escaping should escape backslashes",
          "status": "passed",
          "title": "should escape backslashes",
          "duration": 0.6542170000000169,
          "failureMessages": [],
          "meta": {}
        },
        {
          "ancestorTitles": ["escapeIlike", "wildcard escaping"],
          "fullName": "escapeIlike wildcard escaping should escape multiple special characters",
          "status": "passed",
          "title": "should escape multiple special characters",
          "duration": 0.4523300000000745,
          "failureMessages": [],
          "meta": {}
        },
        {
          "ancestorTitles": ["escapeIlike", "normal text"],
          "fullName": "escapeIlike normal text should not modify normal text",
          "status": "passed",
          "title": "should not modify normal text",
          "duration": 1.1680900000001202,
          "failureMessages": [],
          "meta": {}
        },
        {
          "ancestorTitles": ["escapeIlike", "normal text"],
          "fullName": "escapeIlike normal text should preserve spaces and punctuation",
          "status": "passed",
          "title": "should preserve spaces and punctuation",
          "duration": 0.5241949999999633,
          "failureMessages": [],
          "meta": {}
        },
        {
          "ancestorTitles": ["escapeIlike", "edge cases"],
          "fullName": "escapeIlike edge cases should handle empty string",
          "status": "passed",
          "title": "should handle empty string",
          "duration": 0.27007099999991624,
          "failureMessages": [],
          "meta": {}
        },
        {
          "ancestorTitles": ["escapeIlike", "edge cases"],
          "fullName": "escapeIlike edge cases should handle string with only special chars",
          "status": "passed",
          "title": "should handle string with only special chars",
          "duration": 0.26397499999984575,
          "failureMessages": [],
          "meta": {}
        }
      ],
      "startTime": 1768958711908,
      "endTime": 1768958711916.27,
      "status": "passed",
      "message": "",
      "name": "/home/jer/LocalSync/kingston-care-connect/tests/lib/escape-ilike.test.ts"
    },
    {
      "assertionResults": [
        {
          "ancestorTitles": ["highlightMatches", "basic functionality"],
          "fullName": "highlightMatches basic functionality should return empty string for empty/null text",
          "status": "passed",
          "title": "should return empty string for empty/null text",
          "duration": 4.042228000000023,
          "failureMessages": [],
          "meta": {}
        },
        {
          "ancestorTitles": ["highlightMatches", "basic functionality"],
          "fullName": "highlightMatches basic functionality should return escaped text if no tokens provided",
          "status": "passed",
          "title": "should return escaped text if no tokens provided",
          "duration": 0.6875479999998788,
          "failureMessages": [],
          "meta": {}
        },
        {
          "ancestorTitles": ["highlightMatches", "basic functionality"],
          "fullName": "highlightMatches basic functionality should wrap matching tokens in mark tags",
          "status": "passed",
          "title": "should wrap matching tokens in mark tags",
          "duration": 3.1241569999999683,
          "failureMessages": [],
          "meta": {}
        },
        {
          "ancestorTitles": ["highlightMatches", "basic functionality"],
          "fullName": "highlightMatches basic functionality should match case-insensitively",
          "status": "passed",
          "title": "should match case-insensitively",
          "duration": 0.7387129999999615,
          "failureMessages": [],
          "meta": {}
        },
        {
          "ancestorTitles": ["highlightMatches", "XSS prevention"],
          "fullName": "highlightMatches XSS prevention should escape HTML entities in text",
          "status": "passed",
          "title": "should escape HTML entities in text",
          "duration": 1.8129550000001018,
          "failureMessages": [],
          "meta": {}
        },
        {
          "ancestorTitles": ["highlightMatches", "XSS prevention"],
          "fullName": "highlightMatches XSS prevention should escape HTML entities before highlighting",
          "status": "passed",
          "title": "should escape HTML entities before highlighting",
          "duration": 0.48221200000011777,
          "failureMessages": [],
          "meta": {}
        },
        {
          "ancestorTitles": ["highlightMatches", "XSS prevention"],
          "fullName": "highlightMatches XSS prevention should escape ampersands",
          "status": "passed",
          "title": "should escape ampersands",
          "duration": 0.3037779999999657,
          "failureMessages": [],
          "meta": {}
        },
        {
          "ancestorTitles": ["highlightMatches", "XSS prevention"],
          "fullName": "highlightMatches XSS prevention should escape quotes",
          "status": "passed",
          "title": "should escape quotes",
          "duration": 0.24340600000004997,
          "failureMessages": [],
          "meta": {}
        },
        {
          "ancestorTitles": ["highlightMatches", "XSS prevention"],
          "fullName": "highlightMatches XSS prevention should escape single quotes",
          "status": "passed",
          "title": "should escape single quotes",
          "duration": 1.93496499999992,
          "failureMessages": [],
          "meta": {}
        },
        {
          "ancestorTitles": ["highlightMatches", "XSS prevention"],
          "fullName": "highlightMatches XSS prevention should handle malicious input with script tags and highlighting",
          "status": "passed",
          "title": "should handle malicious input with script tags and highlighting",
          "duration": 0.7850499999999556,
          "failureMessages": [],
          "meta": {}
        },
        {
          "ancestorTitles": ["highlightMatches", "regex special characters"],
          "fullName": "highlightMatches regex special characters should handle tokens with regex special chars",
          "status": "passed",
          "title": "should handle tokens with regex special chars",
          "duration": 0.49900099999990744,
          "failureMessages": [],
          "meta": {}
        },
        {
          "ancestorTitles": ["highlightMatches", "regex special characters"],
          "fullName": "highlightMatches regex special characters should handle parentheses in tokens",
          "status": "passed",
          "title": "should handle parentheses in tokens",
          "duration": 0.3566969999999401,
          "failureMessages": [],
          "meta": {}
        }
      ],
      "startTime": 1768958710578,
      "endTime": 1768958710594.3567,
      "status": "passed",
      "message": "",
      "name": "/home/jer/LocalSync/kingston-care-connect/tests/lib/highlight.test.ts"
    },
    {
      "assertionResults": [
        {
          "ancestorTitles": ["levenshtein"],
          "fullName": "levenshtein returns 0 for identical strings",
          "status": "passed",
          "title": "returns 0 for identical strings",
          "duration": 2.298872000000074,
          "failureMessages": [],
          "meta": {}
        },
        {
          "ancestorTitles": ["levenshtein"],
          "fullName": "levenshtein returns correct distance for substitution",
          "status": "passed",
          "title": "returns correct distance for substitution",
          "duration": 0.4832280000000537,
          "failureMessages": [],
          "meta": {}
        },
        {
          "ancestorTitles": ["levenshtein"],
          "fullName": "levenshtein returns correct distance for insertion",
          "status": "passed",
          "title": "returns correct distance for insertion",
          "duration": 0.34648300000003474,
          "failureMessages": [],
          "meta": {}
        },
        {
          "ancestorTitles": ["findClosestMatch"],
          "fullName": "findClosestMatch finds close match within threshold",
          "status": "passed",
          "title": "finds close match within threshold",
          "duration": 0.4889309999998659,
          "failureMessages": [],
          "meta": {}
        },
        {
          "ancestorTitles": ["findClosestMatch"],
          "fullName": "findClosestMatch returns null for no close match",
          "status": "passed",
          "title": "returns null for no close match",
          "duration": 0.3583659999999327,
          "failureMessages": [],
          "meta": {}
        }
      ],
      "startTime": 1768958712456,
      "endTime": 1768958712460.489,
      "status": "passed",
      "message": "",
      "name": "/home/jer/LocalSync/kingston-care-connect/tests/lib/levenshtein.test.ts"
    },
    {
      "assertionResults": [
        {
          "ancestorTitles": ["Logger"],
          "fullName": "Logger should log info messages with metadata",
          "status": "passed",
          "title": "should log info messages with metadata",
          "duration": 22.743597999999565,
          "failureMessages": [],
          "meta": {}
        },
        {
          "ancestorTitles": ["Logger"],
          "fullName": "Logger should include global context in all logs",
          "status": "passed",
          "title": "should include global context in all logs",
          "duration": 8.534603999999945,
          "failureMessages": [],
          "meta": {}
        },
        {
          "ancestorTitles": ["Logger"],
          "fullName": "Logger should handle error objects correctly",
          "status": "passed",
          "title": "should handle error objects correctly",
          "duration": 8.936894999999822,
          "failureMessages": [],
          "meta": {}
        },
        {
          "ancestorTitles": ["Logger"],
          "fullName": "Logger should measure durations with timers",
          "status": "passed",
          "title": "should measure durations with timers",
          "duration": 12.918904999999995,
          "failureMessages": [],
          "meta": {}
        },
        {
          "ancestorTitles": ["Logger"],
          "fullName": "Logger should not log debug messages in production",
          "status": "passed",
          "title": "should not log debug messages in production",
          "duration": 0.8261809999999059,
          "failureMessages": [],
          "meta": {}
        }
      ],
      "startTime": 1768958702003,
      "endTime": 1768958702056.8262,
      "status": "passed",
      "message": "",
      "name": "/home/jer/LocalSync/kingston-care-connect/tests/lib/logger.test.ts"
    },
    {
      "assertionResults": [
        {
          "ancestorTitles": ["AnalyticsCard"],
          "fullName": "AnalyticsCard renders title and value",
          "status": "passed",
          "title": "renders title and value",
          "duration": 151.0480190000003,
          "failureMessages": [],
          "meta": {}
        },
        {
          "ancestorTitles": ["AnalyticsCard"],
          "fullName": "AnalyticsCard renders loading state",
          "status": "passed",
          "title": "renders loading state",
          "duration": 17.877518000000236,
          "failureMessages": [],
          "meta": {}
        },
        {
          "ancestorTitles": ["AnalyticsCard"],
          "fullName": "AnalyticsCard renders positive change",
          "status": "passed",
          "title": "renders positive change",
          "duration": 38.547845999999936,
          "failureMessages": [],
          "meta": {}
        },
        {
          "ancestorTitles": ["AnalyticsCard"],
          "fullName": "AnalyticsCard renders negative change",
          "status": "passed",
          "title": "renders negative change",
          "duration": 37.109187999999904,
          "failureMessages": [],
          "meta": {}
        }
      ],
      "startTime": 1768958692210,
      "endTime": 1768958692455.1091,
      "status": "passed",
      "message": "",
      "name": "/home/jer/LocalSync/kingston-care-connect/tests/components/AnalyticsCard.test.tsx"
    },
    {
      "assertionResults": [
        {
          "ancestorTitles": ["AsyncErrorBoundary Component"],
          "fullName": "AsyncErrorBoundary Component renders children when valid",
          "status": "passed",
          "title": "renders children when valid",
          "duration": 72.84104900000011,
          "failureMessages": [],
          "meta": {}
        },
        {
          "ancestorTitles": ["AsyncErrorBoundary Component"],
          "fullName": "AsyncErrorBoundary Component catches error and displays error UI",
          "status": "passed",
          "title": "catches error and displays error UI",
          "duration": 103.13799999999992,
          "failureMessages": [],
          "meta": {}
        },
        {
          "ancestorTitles": ["AsyncErrorBoundary Component"],
          "fullName": "AsyncErrorBoundary Component calls onReset when retry clicked",
          "status": "passed",
          "title": "calls onReset when retry clicked",
          "duration": 74.34440599999971,
          "failureMessages": [],
          "meta": {}
        },
        {
          "ancestorTitles": ["AsyncErrorBoundary Component"],
          "fullName": "AsyncErrorBoundary Component copies error ID",
          "status": "passed",
          "title": "copies error ID",
          "duration": 25.167738999999983,
          "failureMessages": [],
          "meta": {}
        }
      ],
      "startTime": 1768958690813,
      "endTime": 1768958691089.1677,
      "status": "passed",
      "message": "",
      "name": "/home/jer/LocalSync/kingston-care-connect/tests/components/AsyncErrorBoundary.test.tsx"
    },
    {
      "assertionResults": [
        {
          "ancestorTitles": ["AuthProvider Component"],
          "fullName": "AuthProvider Component renders children",
          "status": "passed",
          "title": "renders children",
          "duration": 125.125317,
          "failureMessages": [],
          "meta": {}
        },
        {
          "ancestorTitles": ["AuthProvider Component"],
          "fullName": "AuthProvider Component initializes supabase auth listener",
          "status": "passed",
          "title": "initializes supabase auth listener",
          "duration": 12.855948999999782,
          "failureMessages": [],
          "meta": {}
        }
      ],
      "startTime": 1768958695723,
      "endTime": 1768958695860.856,
      "status": "passed",
      "message": "",
      "name": "/home/jer/LocalSync/kingston-care-connect/tests/components/AuthProvider.test.tsx"
    },
    {
      "assertionResults": [
        {
          "ancestorTitles": ["Button Component"],
          "fullName": "Button Component renders with default variant and size",
          "status": "passed",
          "title": "renders with default variant and size",
          "duration": 160.61610399999995,
          "failureMessages": [],
          "meta": {}
        },
        {
          "ancestorTitles": ["Button Component"],
          "fullName": "Button Component renders with secondary variant",
          "status": "passed",
          "title": "renders with secondary variant",
          "duration": 14.62204799999995,
          "failureMessages": [],
          "meta": {}
        },
        {
          "ancestorTitles": ["Button Component"],
          "fullName": "Button Component renders as a pill variant",
          "status": "passed",
          "title": "renders as a pill variant",
          "duration": 14.185051999999814,
          "failureMessages": [],
          "meta": {}
        },
        {
          "ancestorTitles": ["Button Component"],
          "fullName": "Button Component renders with small size",
          "status": "passed",
          "title": "renders with small size",
          "duration": 13.603216999999859,
          "failureMessages": [],
          "meta": {}
        },
        {
          "ancestorTitles": ["Button Component"],
          "fullName": "Button Component calls onClick when clicked",
          "status": "passed",
          "title": "calls onClick when clicked",
          "duration": 21.58446600000002,
          "failureMessages": [],
          "meta": {}
        },
        {
          "ancestorTitles": ["Button Component"],
          "fullName": "Button Component is disabled when loading",
          "status": "passed",
          "title": "is disabled when loading",
          "duration": 11.867501000000175,
          "failureMessages": [],
          "meta": {}
        }
      ],
      "startTime": 1768958688320,
      "endTime": 1768958688557.8674,
      "status": "passed",
      "message": "",
      "name": "/home/jer/LocalSync/kingston-care-connect/tests/components/Button.test.tsx"
    },
    {
      "assertionResults": [
        {
          "ancestorTitles": ["DashboardSidebar Component"],
          "fullName": "DashboardSidebar Component renders navigation links",
          "status": "passed",
          "title": "renders navigation links",
          "duration": 110.01518900000019,
          "failureMessages": [],
          "meta": {}
        },
        {
          "ancestorTitles": ["DashboardSidebar Component"],
          "fullName": "DashboardSidebar Component highlights active link",
          "status": "passed",
          "title": "highlights active link",
          "duration": 22.73032299999977,
          "failureMessages": [],
          "meta": {}
        },
        {
          "ancestorTitles": ["DashboardSidebar Component"],
          "fullName": "DashboardSidebar Component displays user email",
          "status": "passed",
          "title": "displays user email",
          "duration": 29.00128199999972,
          "failureMessages": [],
          "meta": {}
        },
        {
          "ancestorTitles": ["DashboardSidebar Component"],
          "fullName": "DashboardSidebar Component calls sign out",
          "status": "passed",
          "title": "calls sign out",
          "duration": 28.678092000000106,
          "failureMessages": [],
          "meta": {}
        }
      ],
      "startTime": 1768958687317,
      "endTime": 1768958687507.678,
      "status": "passed",
      "message": "",
      "name": "/home/jer/LocalSync/kingston-care-connect/tests/components/DashboardSidebar.test.tsx"
    },
    {
      "assertionResults": [
        {
          "ancestorTitles": ["ErrorBoundary Component"],
          "fullName": "ErrorBoundary Component renders children when no error",
          "status": "passed",
          "title": "renders children when no error",
          "duration": 54.133730000000014,
          "failureMessages": [],
          "meta": {}
        },
        {
          "ancestorTitles": ["ErrorBoundary Component"],
          "fullName": "ErrorBoundary Component renders fallback UI when error occurs",
          "status": "passed",
          "title": "renders fallback UI when error occurs",
          "duration": 69.79227500000002,
          "failureMessages": [],
          "meta": {}
        },
        {
          "ancestorTitles": ["ErrorBoundary Component"],
          "fullName": "ErrorBoundary Component calls onError prop",
          "status": "passed",
          "title": "calls onError prop",
          "duration": 22.322294000000056,
          "failureMessages": [],
          "meta": {}
        },
        {
          "ancestorTitles": ["ErrorBoundary Component"],
          "fullName": "ErrorBoundary Component reloads page on button click",
          "status": "passed",
          "title": "reloads page on button click",
          "duration": 29.136195000000043,
          "failureMessages": [],
          "meta": {}
        },
        {
          "ancestorTitles": ["ErrorBoundary Component"],
          "fullName": "ErrorBoundary Component copies error ID to clipboard",
          "status": "passed",
          "title": "copies error ID to clipboard",
          "duration": 18.02649899999983,
          "failureMessages": [],
          "meta": {}
        }
      ],
      "startTime": 1768958689361,
      "endTime": 1768958689555.0266,
      "status": "passed",
      "message": "",
      "name": "/home/jer/LocalSync/kingston-care-connect/tests/components/ErrorBoundary.test.tsx"
    },
    {
      "assertionResults": [
        {
          "ancestorTitles": ["FeedbackWidget Component"],
          "fullName": "FeedbackWidget Component renders with vote buttons",
          "status": "passed",
          "title": "renders with vote buttons",
          "duration": 278.31909299999984,
          "failureMessages": [],
          "meta": {}
        },
        {
          "ancestorTitles": ["FeedbackWidget Component"],
          "fullName": "FeedbackWidget Component submits helpful vote",
          "status": "passed",
          "title": "submits helpful vote",
          "duration": 64.82192299999997,
          "failureMessages": [],
          "meta": {}
        },
        {
          "ancestorTitles": ["FeedbackWidget Component"],
          "fullName": "FeedbackWidget Component handles fetch error",
          "status": "passed",
          "title": "handles fetch error",
          "duration": 60.189216999999644,
          "failureMessages": [],
          "meta": {}
        },
        {
          "ancestorTitles": ["FeedbackWidget Component"],
          "fullName": "FeedbackWidget Component opens dialog on click",
          "status": "passed",
          "title": "opens dialog on click",
          "duration": 35.4931160000001,
          "failureMessages": [],
          "meta": {}
        }
      ],
      "startTime": 1768958684767,
      "endTime": 1768958685205.4932,
      "status": "passed",
      "message": "",
      "name": "/home/jer/LocalSync/kingston-care-connect/tests/components/FeedbackWidget.test.tsx"
    },
    {
      "assertionResults": [
        {
          "ancestorTitles": ["ServiceCard Component"],
          "fullName": "ServiceCard Component renders service information correctly",
          "status": "passed",
          "title": "renders service information correctly",
          "duration": 182.47314000000006,
          "failureMessages": [],
          "meta": {}
        },
        {
          "ancestorTitles": ["ServiceCard Component"],
          "fullName": "ServiceCard Component tracks clicks on details button",
          "status": "passed",
          "title": "tracks clicks on details button",
          "duration": 152.38542099999995,
          "failureMessages": [],
          "meta": {}
        },
        {
          "ancestorTitles": ["ServiceCard Component"],
          "fullName": "ServiceCard Component renders specialized scope badges",
          "status": "passed",
          "title": "renders specialized scope badges",
          "duration": 71.94179200000008,
          "failureMessages": [],
          "meta": {}
        },
        {
          "ancestorTitles": ["ServiceCard Component"],
          "fullName": "ServiceCard Component calls onScopeFilter when scope badge is clicked",
          "status": "passed",
          "title": "calls onScopeFilter when scope badge is clicked",
          "duration": 63.09669800000029,
          "failureMessages": [],
          "meta": {}
        },
        {
          "ancestorTitles": ["ServiceCard Component"],
          "fullName": "ServiceCard Component renders free fee badge",
          "status": "passed",
          "title": "renders free fee badge",
          "duration": 47.48051000000032,
          "failureMessages": [],
          "meta": {}
        },
        {
          "ancestorTitles": ["ServiceCard Component"],
          "fullName": "ServiceCard Component renders identity tags",
          "status": "passed",
          "title": "renders identity tags",
          "duration": 33.74340399999983,
          "failureMessages": [],
          "meta": {}
        },
        {
          "ancestorTitles": ["ServiceCard Component"],
          "fullName": "ServiceCard Component renders crisis icon for crisis category",
          "status": "passed",
          "title": "renders crisis icon for crisis category",
          "duration": 42.18929600000001,
          "failureMessages": [],
          "meta": {}
        },
        {
          "ancestorTitles": ["ServiceCard Component"],
          "fullName": "ServiceCard Component displays distance when provided",
          "status": "passed",
          "title": "displays distance when provided",
          "duration": 35.91546000000017,
          "failureMessages": [],
          "meta": {}
        },
        {
          "ancestorTitles": ["ServiceCard Component"],
          "fullName": "ServiceCard Component opens feedback modal when report is clicked",
          "status": "passed",
          "title": "opens feedback modal when report is clicked",
          "duration": 179.59641699999975,
          "failureMessages": [],
          "meta": {}
        }
      ],
      "startTime": 1768958685363,
      "endTime": 1768958686172.5964,
      "status": "passed",
      "message": "",
      "name": "/home/jer/LocalSync/kingston-care-connect/tests/components/ServiceCard.test.tsx"
    },
    {
      "assertionResults": [
        {
          "ancestorTitles": ["ServiceEditForm"],
          "fullName": "ServiceEditForm renders English and French fields",
          "status": "passed",
          "title": "renders English and French fields",
          "duration": 150.57611199999974,
          "failureMessages": [],
          "meta": {}
        },
        {
          "ancestorTitles": ["ServiceEditForm"],
          "fullName": "ServiceEditForm populates fields with existing data",
          "status": "passed",
          "title": "populates fields with existing data",
          "duration": 43.418627000000015,
          "failureMessages": [],
          "meta": {}
        }
      ],
      "startTime": 1768958688304,
      "endTime": 1768958688498.4187,
      "status": "passed",
      "message": "",
      "name": "/home/jer/LocalSync/kingston-care-connect/tests/components/ServiceEditForm.test.tsx"
    },
    {
      "assertionResults": [
        {
          "ancestorTitles": ["SubmitServiceForm"],
          "fullName": "SubmitServiceForm renders form fields correctly",
          "status": "failed",
          "title": "renders form fields correctly",
          "duration": 164.42571899999984,
          "failureMessages": [
            "TestingLibraryElementError: Unable to find a label with the text of: Service Name\n\nIgnored nodes: comments, script, style\n\u001b[36m<body>\u001b[39m\n  \u001b[36m<div>\u001b[39m\n    \u001b[36m<form\u001b[39m\n      \u001b[33mclass\u001b[39m=\u001b[32m\"mx-auto max-w-lg space-y-6 lg:p-6\"\u001b[39m\n    \u001b[36m>\u001b[39m\n      \u001b[36m<div\u001b[39m\n        \u001b[33mclass\u001b[39m=\u001b[32m\"mb-8 text-center\"\u001b[39m\n      \u001b[36m>\u001b[39m\n        \u001b[36m<h1\u001b[39m\n          \u001b[33mclass\u001b[39m=\u001b[32m\"heading-display text-3xl font-bold tracking-tight text-neutral-900 dark:text-white\"\u001b[39m\n        \u001b[36m>\u001b[39m\n          \u001b[0mSubmit a Service\u001b[0m\n        \u001b[36m</h1>\u001b[39m\n        \u001b[36m<p\u001b[39m\n          \u001b[33mclass\u001b[39m=\u001b[32m\"mt-2 text-lg text-neutral-600 dark:text-neutral-400\"\u001b[39m\n        \u001b[36m>\u001b[39m\n          \u001b[0mHelp us grow our database\u001b[0m\n        \u001b[36m</p>\u001b[39m\n      \u001b[36m</div>\u001b[39m\n      \u001b[36m<div\u001b[39m\n        \u001b[33mclass\u001b[39m=\u001b[32m\"space-y-6\"\u001b[39m\n      \u001b[36m>\u001b[39m\n        \u001b[36m<div\u001b[39m\n          \u001b[33mclass\u001b[39m=\u001b[32m\"space-y-2\"\u001b[39m\n        \u001b[36m>\u001b[39m\n          \u001b[36m<label\u001b[39m\n            \u001b[33mclass\u001b[39m=\u001b[32m\"text-sm font-medium leading-none peer-disabled:cursor-not-allowed peer-disabled:opacity-70\"\u001b[39m\n            \u001b[33mfor\u001b[39m=\u001b[32m\"name\"\u001b[39m\n          \u001b[36m>\u001b[39m\n            \u001b[0mService Name\u001b[0m\n            \u001b[36m<span\u001b[39m\n              \u001b[33maria-label\u001b[39m=\u001b[32m\"required\"\u001b[39m\n              \u001b[33mclass\u001b[39m=\u001b[32m\"text-destructive ml-1 dark:text-red-400\"\u001b[39m\n            \u001b[36m>\u001b[39m\n              \u001b[0m*\u001b[0m\n            \u001b[36m</span>\u001b[39m\n          \u001b[36m</label>\u001b[39m\n          \u001b[36m<div\u001b[39m\n            \u001b[33mclass\u001b[39m=\u001b[32m\"group relative\"\u001b[39m\n          \u001b[36m>\u001b[39m\n            \u001b[36m<input\u001b[39m\n              \u001b[33maria-invalid\u001b[39m=\u001b[32m\"false\"\u001b[39m\n              \u001b[33maria-required\u001b[39m=\u001b[32m\"true\"\u001b[39m\n              \u001b[33mclass\u001b[39m=\u001b[32m\"peer shadow-inner-light w-full rounded-2xl border border-neutral-200 bg-white/50 backdrop-blur-xl px-5 py-3.5 text-neutral-900 placeholder-transparent outline-none transition-all duration-300 focus:border-primary-500 focus:ring-primary-500/40 focus:shadow-primary-500/10 focus:bg-white focus:shadow-lg focus:ring-4 hover:border-neutral-300 hover:bg-white/80 dark:focus:border-primary-500 dark:focus:ring-primary-500/10 dark:border-white/10 dark:bg-white/5 dark:text-white dark:focus:bg-neutral-900/80 disabled:cursor-not-allowed disabled:opacity-50\"\u001b[39m\n              \u001b[33mid\u001b[39m=\u001b[32m\"name\"\u001b[39m\n              \u001b[33mname\u001b[39m=\u001b[32m\"name\"\u001b[39m\n              \u001b[33mplaceholder\u001b[39m=\u001b[32m\"e.g. Kingston Youth Shelter\"\u001b[39m\n            \u001b[36m/>\u001b[39m\n          \u001b[36m</div>\u001b[39m\n        \u001b[36m</div>\u001b[39m\n        \u001b[36m<div\u001b[39m\n          \u001b[33mclass\u001b[39m=\u001b[32m\"space-y-2\"\u001b[39m\n        \u001b[36m>\u001b[39m\n          \u001b[36m<label\u001b[39m\n            \u001b[33mclass\u001b[39m=\u001b[32m\"text-sm font-medium leading-none peer-disabled:cursor-not-allowed peer-disabled:opacity-70\"\u001b[39m\n            \u001b[33mfor\u001b[39m=\u001b[32m\"description\"\u001b[39m\n          \u001b[36m>\u001b[39m\n            \u001b[0mDescription\u001b[0m\n            \u001b[36m<span\u001b[39m\n              \u001b[33maria-label\u001b[39m=\u001b[32m\"required\"\u001b[39m\n              \u001b[33mclass\u001b[39m=\u001b[32m\"text-destructive ml-1 dark:text-red-400\"\u001b[39m\n            \u001b[36m>\u001b[39m\n              \u001b[0m*\u001b[0m\n            \u001b[36m</span>\u001b[39m\n          \u001b[36m</label>\u001b[39m\n          \u001b[36m<div\u001b[39m\n            \u001b[33mclass\u001b[39m=\u001b[32m\"group relative\"\u001b[39m\n          \u001b[36m>\u001b[39m\n            \u001b[36m<textarea\u001b[39m\n              \u001b[33maria-invalid\u001b[39m=\u001b[32m\"false\"\u001b[39m\n              \u001b[33maria-required\u001b[39m=\u001b[32m\"true\"\u001b[39m\n              \u001b[33mclass\u001b[39m=\u001b[32m\"peer shadow-inner-light flex min-h-[120px] w-full rounded-2xl border border-neutral-200 bg-white/50 backdrop-blur-xl px-5 py-3.5 text-neutral-900 placeholder-transparent outline-none transition-all duration-300 focus:border-primary-500 focus:ring-primary-500/40 focus:shadow-primary-500/10 focus:bg-white focus:shadow-lg focus:ring-4 hover:border-neutral-300 hover:bg-white/80 dark:focus:border-primary-500 dark:focus:ring-primary-500/10 dark:border-white/10 dark:bg-white/5 dark:text-white dark:focus:bg-neutral-900/80 disabled:cursor-not-allowed disabled:opacity-50\"\u001b[39m\n              \u001b[33mid\u001b[39m=\u001b[32m\"description\"\u001b[39m\n              \u001b[33mname\u001b[39m=\u001b[32m\"description\"\u001b[39m\n              \u001b[33mplaceholder\u001b[39m=\u001b[32m\"Briefly describe the services offered...\"\u001b[39m\n              \u001b[33mrows\u001b[39m=\u001b[32m\"4\"\u001b[39m\n            \u001b[36m/>\u001b[39m\n          \u001b[36m</div>\u001b[39m\n        \u001b[36m</div>\u001b[39m\n        \u001b[36m<div\u001b[39m\n          \u001b[33mclass\u001b[39m=\u001b[32m\"grid gap-6 sm:grid-cols-2\"\u001b[39m\n        \u001b[36m>\u001b[39m\n          \u001b[36m<div\u001b[39m\n            \u001b[33mclass\u001b[39m=\u001b[32m\"space-y-2\"\u001b[39m\n          \u001b[36m>\u001b[39m\n            \u001b[36m<label\u001b[39m\n              \u001b[33mclass\u001b[39m=\u001b[32m\"text-sm font-medium leading-none peer-disabled:cursor-not-allowed peer-disabled:opacity-70\"\u001b[39m\n              \u001b[33mfor\u001b[39m=\u001b[32m\"phone\"\u001b[39m\n            \u001b[36m>\u001b[39m\n              \u001b[0mPhone\u001b[0m\n            \u001b[36m</label>\u001b[39m\n            \u001b[36m<div\u001b[39m\n              \u001b[33mclass\u001b[39m=\u001b[32m\"group relative\"\u001b[39m\n            \u001b[36m>\u001b[39m\n              \u001b[36m<input\u001b[39m\n                \u001b[33maria-invalid\u001b[39m=\u001b[32m\"false\"\u001b[39m\n                \u001b[33mclass\u001b[39m=\u001b[32m\"peer shadow-inner-light w-full rounded-2xl border border-neutral-200 bg-white/50 backdrop-blur-xl px-5 py-3.5 text-neutral-900 placeholder-transparent outline-none transition-all duration-300 focus:border-primary-500 focus:ring-primary-500/40 focus:shadow-primary-500/10 focus:bg-white focus:shadow-lg focus:ring-4 hover:border-neutral-300 hover:bg-white/80 dark:focus:border-primary-500 dark:focus:ring-primary-500/10 dark:border-white/10 dark:bg-white/5 dark:text-white dark:focus:bg-neutral-900/80 disabled:cursor-not-allowed disabled:opacity-50\"\u001b[39m\n                \u001b[33mid\u001b[39m=\u001b[32m\"phone\"\u001b[39m\n                \u001b[33mname\u001b[39m=\u001b[32m\"phone\"\u001b[39m\n                \u001b[33mplaceholder\u001b[39m=\u001b[32m\"(613) ...\"\u001b[39m\n                \u001b[33mtype\u001b[39m=\u001b[32m\"tel\"\u001b[39m\n              \u001b[36m/>\u001b[39m\n            \u001b[36m</div>\u001b[39m\n          \u001b[36m</div>\u001b[39m\n          \u001b[36m<div\u001b[39m\n            \u001b[33mclass\u001b[39m=\u001b[32m\"space-y-2\"\u001b[39m\n          \u001b[36m>\u001b[39m\n            \u001b[36m<label\u001b[39m\n              \u001b[33mclass\u001b[39m=\u001b[32m\"text-sm font-medium leading-none peer-disabled:cursor-not-allowed peer-disabled:opacity-70\"\u001b[39m\n              \u001b[33mfor\u001b[39m=\u001b[32m\"url\"\u001b[39m\n            \u001b[36m>\u001b[39m\n              \u001b[0mWebsite\u001b[0m\n            \u001b[36m</label>\u001b[39m\n            \u001b[36m<div\u001b[39m\n              \u001b[33mclass\u001b[39m=\u001b[32m\"group relative\"\u001b[39m\n            \u001b[36m>\u001b[39m\n              \u001b[36m<input\u001b[39m\n                \u001b[33maria-invalid\u001b[39m=\u001b[32m\"false\"\u001b[39m\n                \u001b[33mclass\u001b[39m=\u001b[32m\"peer shadow-inner-light w-full rounded-2xl border border-neutral-200 bg-white/50 backdrop-blur-xl px-5 py-3.5 text-neutral-900 placeholder-transparent outline-none transition-all duration-300 focus:border-primary-500 focus:ring-primary-500/40 focus:shadow-primary-500/10 focus:bg-white focus:shadow-lg focus:ring-4 hover:border-neutral-300 hover:bg-white/80 dark:focus:border-primary-500 dark:focus:ring-primary-500/10 dark:border-white/10 dark:bg-white/5 dark:text-white dark:focus:bg-neutral-900/80 disabled:cursor-not-allowed disabled:opacity-50\"\u001b[39m\n                \u001b[33mid\u001b[39m=\u001b[32m\"url\"\u001b[39m\n                \u001b[33mname\u001b[39m=\u001b[32m\"url\"\u001b[39m\n                \u001b[33mplaceholder\u001b[39m=\u001b[32m\"https://...\"\u001b[39m\n                \u001b[33mtype\u001b[39m=\u001b[32m\"url\"\u001b[39m\n              \u001b[36m/>\u001b[39m\n            \u001b[36m</div>\u001b[39m\n          \u001b[36m</div>\u001b[39m\n        \u001b[36m</div>\u001b[39m\n        \u001b[36m<div\u001b[39m\n          \u001b[33mclass\u001b[39m=\u001b[32m\"space-y-2\"\u001b[39m\n        \u001b[36m>\u001b[39m\n          \u001b[36m<label\u001b[39m\n            \u001b[33mclass\u001b[39m=\u001b[32m\"text-sm font-medium leading-none peer-disabled:cursor-not-allowed peer-disabled:opacity-70\"\u001b[39m\n            \u001b[33mfor\u001b[39m=\u001b[32m\"address\"\u001b[39m\n          \u001b[36m>\u001b[39m\n            \u001b[0mAddress\u001b[0m\n          \u001b[36m</label>\u001b[39m\n          \u001b[36m<div\u001b[39m\n            \u001b[33mclass\u001b[39m=\u001b[32m\"group relative\"\u001b[39m\n          \u001b[36m>\u001b[39m\n            \u001b[36m<input\u001b[39m\n              \u001b[33maria-invalid\u001b[39m=\u001b[32m\"false\"\u001b[39m\n              \u001b[33mclass\u001b[39m=\u001b[32m\"peer shadow-inner-light w-
[...]
    },
    {
      "assertionResults": [
        {
          "ancestorTitles": ["PrintButton"],
          "fullName": "PrintButton renders with correct text",
          "status": "passed",
          "title": "renders with correct text",
          "duration": 86.64516100000014,
          "failureMessages": [],
          "meta": {}
        },
        {
          "ancestorTitles": ["PrintButton"],
          "fullName": "PrintButton calls window.print when clicked",
          "status": "passed",
          "title": "calls window.print when clicked",
          "duration": 105.27137599999992,
          "failureMessages": [],
          "meta": {}
        }
      ],
      "startTime": 1768958689427,
      "endTime": 1768958689619.2715,
      "status": "passed",
      "message": "",
      "name": "/home/jer/LocalSync/kingston-care-connect/tests/components/ui/PrintButton.test.tsx"
    },
    {
      "assertionResults": [
        {
          "ancestorTitles": ["Popover"],
          "fullName": "Popover renders trigger and opens content on click",
          "status": "passed",
          "title": "renders trigger and opens content on click",
          "duration": 268.174898,
          "failureMessages": [],
          "meta": {}
        }
      ],
      "startTime": 1768958689235,
      "endTime": 1768958689503.1748,
      "status": "passed",
      "message": "",
      "name": "/home/jer/LocalSync/kingston-care-connect/tests/components/ui/popover.test.tsx"
    },
    {
      "assertionResults": [
        {
          "ancestorTitles": ["UI Primitives Batch 2", "Avatar"],
          "fullName": "UI Primitives Batch 2 Avatar renders fallback when image is missing",
          "status": "passed",
          "title": "renders fallback when image is missing",
          "duration": 143.34444499999972,
          "failureMessages": [],
          "meta": {}
        },
        {
          "ancestorTitles": ["UI Primitives Batch 2", "Skeleton"],
          "fullName": "UI Primitives Batch 2 Skeleton renders with animation class",
          "status": "passed",
          "title": "renders with animation class",
          "duration": 8.662170999999944,
          "failureMessages": [],
          "meta": {}
        },
        {
          "ancestorTitles": ["UI Primitives Batch 2", "Section"],
          "fullName": "UI Primitives Batch 2 Section renders with children",
          "status": "passed",
          "title": "renders with children",
          "duration": 55.897035999999844,
          "failureMessages": [],
          "meta": {}
        },
        {
          "ancestorTitles": ["UI Primitives Batch 2", "Textarea"],
          "fullName": "UI Primitives Batch 2 Textarea renders and handles input",
          "status": "passed",
          "title": "renders and handles input",
          "duration": 13.396017000000029,
          "failureMessages": [],
          "meta": {}
        }
      ],
      "startTime": 1768958692873,
      "endTime": 1768958693095.396,
      "status": "passed",
      "message": "",
      "name": "/home/jer/LocalSync/kingston-care-connect/tests/components/ui/primitives-extended.test.tsx"
    },
    {
      "assertionResults": [
        {
          "ancestorTitles": ["UI Primitives", "Button"],
          "fullName": "UI Primitives Button renders children correctly",
          "status": "passed",
          "title": "renders children correctly",
          "duration": 61.41861300000005,
          "failureMessages": [],
          "meta": {}
        },
        {
          "ancestorTitles": ["UI Primitives", "Button"],
          "fullName": "UI Primitives Button handles click events",
          "status": "passed",
          "title": "handles click events",
          "duration": 17.537889000000177,
          "failureMessages": [],
          "meta": {}
        },
        {
          "ancestorTitles": ["UI Primitives", "Button"],
          "fullName": "UI Primitives Button can be disabled",
          "status": "passed",
          "title": "can be disabled",
          "duration": 104.09177999999997,
          "failureMessages": [],
          "meta": {}
        },
        {
          "ancestorTitles": ["UI Primitives", "Badge"],
          "fullName": "UI Primitives Badge renders children correctly",
          "status": "passed",
          "title": "renders children correctly",
          "duration": 5.9029729999999745,
          "failureMessages": [],
          "meta": {}
        },
        {
          "ancestorTitles": ["UI Primitives", "Badge"],
          "fullName": "UI Primitives Badge applies variant classes",
          "status": "passed",
          "title": "applies variant classes",
          "duration": 12.523959999999988,
          "failureMessages": [],
          "meta": {}
        },
        {
          "ancestorTitles": ["UI Primitives", "Input"],
          "fullName": "UI Primitives Input renders and accepts value",
          "status": "passed",
          "title": "renders and accepts value",
          "duration": 18.043386000000055,
          "failureMessages": [],
          "meta": {}
        },
        {
          "ancestorTitles": ["UI Primitives", "Input"],
          "fullName": "UI Primitives Input can be disabled",
          "status": "passed",
          "title": "can be disabled",
          "duration": 11.998063000000002,
          "failureMessages": [],
          "meta": {}
        },
        {
          "ancestorTitles": ["UI Primitives", "Card"],
          "fullName": "UI Primitives Card renders card structure correctly",
          "status": "passed",
          "title": "renders card structure correctly",
          "duration": 10.488518000000113,
          "failureMessages": [],
          "meta": {}
        }
      ],
      "startTime": 1768958689654,
      "endTime": 1768958689896.4885,
      "status": "passed",
      "message": "",
      "name": "/home/jer/LocalSync/kingston-care-connect/tests/components/ui/primitives.test.tsx"
    },
    {
      "assertionResults": [
        {
          "ancestorTitles": ["Toast"],
          "fullName": "Toast renders toast content",
          "status": "passed",
          "title": "renders toast content",
          "duration": 277.18651699999987,
          "failureMessages": [],
          "meta": {}
        },
        {
          "ancestorTitles": ["Toast"],
          "fullName": "Toast Toaster renders without crashing",
          "status": "passed",
          "title": "Toaster renders without crashing",
          "duration": 9.968902000000071,
          "failureMessages": [],
          "meta": {}
        }
      ],
      "startTime": 1768958689361,
      "endTime": 1768958689647.969,
      "status": "passed",
      "message": "",
      "name": "/home/jer/LocalSync/kingston-care-connect/tests/components/ui/toast.test.tsx"
    },
    {
      "assertionResults": [
        {
          "ancestorTitles": ["getVerificationMultiplier"],
          "fullName": "getVerificationMultiplier returns 1.2 for L3 verification",
          "status": "passed",
          "title": "returns 1.2 for L3 verification",
          "duration": 2.7588630000000194,
          "failureMessages": [],
          "meta": {}
        },
        {
          "ancestorTitles": ["getVerificationMultiplier"],
          "fullName": "getVerificationMultiplier returns 1.1 for L2 verification",
          "status": "passed",
          "title": "returns 1.1 for L2 verification",
          "duration": 1.055370000000039,
          "failureMessages": [],
          "meta": {}
        },
        {
          "ancestorTitles": ["getVerificationMultiplier"],
          "fullName": "getVerificationMultiplier returns 1.0 for L1 verification",
          "status": "passed",
          "title": "returns 1.0 for L1 verification",
          "duration": 0.6478589999999258,
          "failureMessages": [],
          "meta": {}
        },
        {
          "ancestorTitles": ["getVerificationMultiplier"],
          "fullName": "getVerificationMultiplier returns 1.0 for L0 verification",
          "status": "passed",
          "title": "returns 1.0 for L0 verification",
          "duration": 0.34282900000016525,
          "failureMessages": [],
          "meta": {}
        },
        {
          "ancestorTitles": ["getFreshnessMultiplier"],
          "fullName": "getFreshnessMultiplier returns 1.1 for services verified within 30 days",
          "status": "passed",
          "title": "returns 1.1 for services verified within 30 days",
          "duration": 0.4223779999999806,
          "failureMessages": [],
          "meta": {}
        },
        {
          "ancestorTitles": ["getFreshnessMultiplier"],
          "fullName": "getFreshnessMultiplier returns 1.0 for services verified 30-90 days ago",
          "status": "passed",
          "title": "returns 1.0 for services verified 30-90 days ago",
          "duration": 0.32533699999999044,
          "failureMessages": [],
          "meta": {}
        },
        {
          "ancestorTitles": ["getFreshnessMultiplier"],
          "fullName": "getFreshnessMultiplier returns 0.9 for services verified over 90 days ago",
          "status": "passed",
          "title": "returns 0.9 for services verified over 90 days ago",
          "duration": 0.28383400000006986,
          "failureMessages": [],
          "meta": {}
        },
        {
          "ancestorTitles": ["getFreshnessMultiplier"],
          "fullName": "getFreshnessMultiplier returns 0.9 for undefined verification date",
          "status": "passed",
          "title": "returns 0.9 for undefined verification date",
          "duration": 0.21228499999983796,
          "failureMessages": [],
          "meta": {}
        },
        {
          "ancestorTitles": ["scoreServiceKeyword with boosts"],
          "fullName": "scoreServiceKeyword with boosts applies verification boost for L3 services",
          "status": "passed",
          "title": "applies verification boost for L3 services",
          "duration": 2.643869999999879,
          "failureMessages": [],
          "meta": {}
        },
        {
          "ancestorTitles": ["scoreServiceKeyword with boosts"],
          "fullName": "scoreServiceKeyword with boosts applies freshness boost for recently verified services",
          "status": "passed",
          "title": "applies freshness boost for recently verified services",
          "duration": 0.6651049999998122,
          "failureMessages": [],
          "meta": {}
        },
        {
          "ancestorTitles": ["scoreServiceKeyword with boosts"],
          "fullName": "scoreServiceKeyword with boosts applies staleness penalty for old services",
          "status": "passed",
          "title": "applies staleness penalty for old services",
          "duration": 0.4953930000001492,
          "failureMessages": [],
          "meta": {}
        }
      ],
      "startTime": 1768958706513,
      "endTime": 1768958706523.4954,
      "status": "passed",
      "message": "",
      "name": "/home/jer/LocalSync/kingston-care-connect/tests/unit/search/scoring.test.ts"
    },
    {
      "assertionResults": [
        {
          "ancestorTitles": ["Notifications Subscribe API"],
          "fullName": "Notifications Subscribe API returns 400 for invalid payload",
          "status": "passed",
          "title": "returns 400 for invalid payload",
          "duration": 19.41307999999981,
          "failureMessages": [],
          "meta": {}
        },
        {
          "ancestorTitles": ["Notifications Subscribe API"],
          "fullName": "Notifications Subscribe API inserts new subscription if not found",
          "status": "passed",
          "title": "inserts new subscription if not found",
          "duration": 18.560750999999982,
          "failureMessages": [],
          "meta": {}
        },
        {
          "ancestorTitles": ["Notifications Subscribe API"],
          "fullName": "Notifications Subscribe API updates existing subscription if found",
          "status": "passed",
          "title": "updates existing subscription if found",
          "duration": 19.11549399999967,
          "failureMessages": [],
          "meta": {}
        },
        {
          "ancestorTitles": ["Notifications Subscribe API"],
          "fullName": "Notifications Subscribe API returns 500 on database error",
          "status": "passed",
          "title": "returns 500 on database error",
          "duration": 17.878200000000106,
          "failureMessages": [],
          "meta": {}
        }
      ],
      "startTime": 1768958701875,
      "endTime": 1768958701949.8782,
      "status": "passed",
      "message": "",
      "name": "/home/jer/LocalSync/kingston-care-connect/tests/api/v1/notifications/subscribe.test.ts"
    },
    {
      "assertionResults": [
        {
          "ancestorTitles": ["Notifications Unsubscribe API"],
          "fullName": "Notifications Unsubscribe API returns 400 for missing endpoint",
          "status": "passed",
          "title": "returns 400 for missing endpoint",
          "duration": 26.377390000000105,
          "failureMessages": [],
          "meta": {}
        },
        {
          "ancestorTitles": ["Notifications Unsubscribe API"],
          "fullName": "Notifications Unsubscribe API deletes subscription and returns 200",
          "status": "passed",
          "title": "deletes subscription and returns 200",
          "duration": 23.75142900000037,
          "failureMessages": [],
          "meta": {}
        },
        {
          "ancestorTitles": ["Notifications Unsubscribe API"],
          "fullName": "Notifications Unsubscribe API returns 500 on database error",
          "status": "passed",
          "title": "returns 500 on database error",
          "duration": 5.685476000000108,
          "failureMessages": [],
          "meta": {}
        }
      ],
      "startTime": 1768958696900,
      "endTime": 1768958696956.6855,
      "status": "passed",
      "message": "",
      "name": "/home/jer/LocalSync/kingston-care-connect/tests/api/v1/notifications/unsubscribe.test.ts"
    },
    {
      "assertionResults": [
        {
          "ancestorTitles": ["Export API"],
          "fullName": "Export API should return services and embeddings",
          "status": "passed",
          "title": "should return services and embeddings",
          "duration": 17.833861999999954,
          "failureMessages": [],
          "meta": {}
        },
        {
          "ancestorTitles": ["Export API"],
          "fullName": "Export API should return 304 if ETag matches",
          "status": "passed",
          "title": "should return 304 if ETag matches",
          "duration": 3.836092000000008,
          "failureMessages": [],
          "meta": {}
        }
      ],
      "startTime": 1768958712333,
      "endTime": 1768958712354.8362,
      "status": "passed",
      "message": "",
      "name": "/home/jer/LocalSync/kingston-care-connect/tests/api/v1/services/export.test.ts"
    },
    {
      "assertionResults": [
        {
          "ancestorTitles": ["Offline DB", "saveAllServices"],
          "fullName": "Offline DB saveAllServices should call put for each service",
          "status": "passed",
          "title": "should call put for each service",
          "duration": 7.811979999999949,
          "failureMessages": [],
          "meta": {}
        },
        {
          "ancestorTitles": ["Offline DB", "getAllServices"],
          "fullName": "Offline DB getAllServices should return all services from the store",
          "status": "passed",
          "title": "should return all services from the store",
          "duration": 0.9906590000000506,
          "failureMessages": [],
          "meta": {}
        },
        {
          "ancestorTitles": ["Offline DB", "getServiceById"],
          "fullName": "Offline DB getServiceById should return a service by its ID",
          "status": "passed",
          "title": "should return a service by its ID",
          "duration": 1.039749000000029,
          "failureMessages": [],
          "meta": {}
        },
        {
          "ancestorTitles": ["Offline DB", "Embeddings"],
          "fullName": "Offline DB Embeddings should save all embeddings",
          "status": "passed",
          "title": "should save all embeddings",
          "duration": 1.9927509999999984,
          "failureMessages": [],
          "meta": {}
        },
        {
          "ancestorTitles": ["Offline DB", "Embeddings"],
          "fullName": "Offline DB Embeddings should get all embeddings",
          "status": "passed",
          "title": "should get all embeddings",
          "duration": 0.8138330000001588,
          "failureMessages": [],
          "meta": {}
        },
        {
          "ancestorTitles": ["Offline DB", "Metadata"],
          "fullName": "Offline DB Metadata should save metadata correctly",
          "status": "passed",
          "title": "should save metadata correctly",
          "duration": 0.7304890000000341,
          "failureMessages": [],
          "meta": {}
        },
        {
          "ancestorTitles": ["Offline DB", "Metadata"],
          "fullName": "Offline DB Metadata should retrieve metadata correctly",
          "status": "passed",
          "title": "should retrieve metadata correctly",
          "duration": 0.7731819999999061,
          "failureMessages": [],
          "meta": {}
        },
        {
          "ancestorTitles": ["Offline DB", "Metadata"],
          "fullName": "Offline DB Metadata should return undefined if metadata key does not exist",
          "status": "passed",
          "title": "should return undefined if metadata key does not exist",
          "duration": 0.3707719999999881,
          "failureMessages": [],
          "meta": {}
        }
      ],
      "startTime": 1768958708241,
      "endTime": 1768958708256.7732,
      "status": "passed",
      "message": "",
      "name": "/home/jer/LocalSync/kingston-care-connect/tests/unit/lib/offline/db.test.ts"
    },
    {
      "assertionResults": [
        {
          "ancestorTitles": ["Offline Sync"],
          "fullName": "Offline Sync should skip sync if recent and local data exists",
          "status": "passed",
          "title": "should skip sync if recent and local data exists",
          "duration": 4.439053999999942,
          "failureMessages": [],
          "meta": {}
        },
        {
          "ancestorTitles": ["Offline Sync"],
          "fullName": "Offline Sync should perform full sync if no local data exists",
          "status": "passed",
          "title": "should perform full sync if no local data exists",
          "duration": 4.289510999999948,
          "failureMessages": [],
          "meta": {}
        },
        {
          "ancestorTitles": ["Offline Sync"],
          "fullName": "Offline Sync should handle 304 Not Modified",
          "status": "passed",
          "title": "should handle 304 Not Modified",
          "duration": 2.920227000000068,
          "failureMessages": [],
          "meta": {}
        },
        {
          "ancestorTitles": ["Offline Sync"],
          "fullName": "Offline Sync should retry on failure",
          "status": "passed",
          "title": "should retry on failure",
          "duration": 1.5961790000001201,
          "failureMessages": [],
          "meta": {}
        },
        {
          "ancestorTitles": ["Offline Sync"],
          "fullName": "Offline Sync should return error status after max retries",
          "status": "passed",
          "title": "should return error status after max retries",
          "duration": 2.96831300000008,
          "failureMessages": [],
          "meta": {}
        }
      ],
      "startTime": 1768958709134,
      "endTime": 1768958709150.9683,
      "status": "passed",
      "message": "",
      "name": "/home/jer/LocalSync/kingston-care-connect/tests/unit/lib/offline/sync.test.ts"
    }
  ]
}
